# JRE version: OpenJDK Runtime Environment (21.0.6) (build 21.0.6+-13368085-b895.109)
# Java VM: OpenJDK 64-Bit Server VM (21.0.6+-13368085-b895.109, mixed mode, tiered, compressed oops, compressed class ptrs, g1 gc, windows-amd64)
GC Precious Log:
 CardTable entry size: 512
 Card Set container configuration: InlinePtr #cards 5 size 8 Array Of Cards #cards 12 size 40 Howl #buckets 4 coarsen threshold 1843 Howl Bitmap #cards 512 size 80 coarsen threshold 460 Card regions per heap region 1 cards per card region 2048
 CPUs: 12 total, 12 available
 Memory: 7501M
 Large Page Support: Disabled
 NUMA Support: Disabled
 Compressed Oops: Enabled (32-bit)
 Heap Region Size: 1M
 Heap Min Capacity: 8M
 Heap Initial Capacity: 118M
 Heap Max Capacity: 2G
 Pre-touch: Disabled
 Parallel Workers: 10
 Concurrent Workers: 3
 Concurrent Refinement Workers: 10
 Periodic GC: Disabled
Heap:
 garbage-first heap   total 193536K, used 165468K [0x0000000080000000, 0x0000000100000000)
  region size 1024K, 54 young (55296K), 5 survivors (5120K)
 Metaspace       used 117937K, committed 120128K, reserved 1179648K
  class space    used 16203K, committed 17344K, reserved 1048576K
GC Heap History (20 events):
Event: 67.563 GC heap before
{Heap before GC invocations=37 (full 0):
 garbage-first heap   total 153600K, used 138418K [0x0000000080000000, 0x0000000100000000)
  region size 1024K, 52 young (53248K), 5 survivors (5120K)
 Metaspace       used 95066K, committed 96960K, reserved 1179648K
  class space    used 12785K, committed 13760K, reserved 1048576K
}
Event: 67.569 GC heap after
{Heap after GC invocations=38 (full 0):
 garbage-first heap   total 153600K, used 93293K [0x0000000080000000, 0x0000000100000000)
  region size 1024K, 5 young (5120K), 5 survivors (5120K)
 Metaspace       used 95066K, committed 96960K, reserved 1179648K
  class space    used 12785K, committed 13760K, reserved 1048576K
}
Event: 68.160 GC heap before
{Heap before GC invocations=38 (full 0):
 garbage-first heap   total 153600K, used 139373K [0x0000000080000000, 0x0000000100000000)
  region size 1024K, 50 young (51200K), 5 survivors (5120K)
 Metaspace       used 96863K, committed 98816K, reserved 1179648K
  class space    used 13002K, committed 14016K, reserved 1048576K
}
Event: 68.167 GC heap after
{Heap after GC invocations=39 (full 0):
 garbage-first heap   total 153600K, used 95732K [0x0000000080000000, 0x0000000100000000)
  region size 1024K, 7 young (7168K), 7 survivors (7168K)
 Metaspace       used 96863K, committed 98816K, reserved 1179648K
  class space    used 13002K, committed 14016K, reserved 1048576K
}
Event: 68.405 GC heap before
{Heap before GC invocations=39 (full 0):
 garbage-first heap   total 153600K, used 114164K [0x0000000080000000, 0x0000000100000000)
  region size 1024K, 26 young (26624K), 7 survivors (7168K)
 Metaspace       used 98206K, committed 100160K, reserved 1179648K
  class space    used 13200K, committed 14208K, reserved 1048576K
}
Event: 68.410 GC heap after
{Heap after GC invocations=40 (full 0):
 garbage-first heap   total 153600K, used 97733K [0x0000000080000000, 0x0000000100000000)
  region size 1024K, 2 young (2048K), 2 survivors (2048K)
 Metaspace       used 98206K, committed 100160K, reserved 1179648K
  class space    used 13200K, committed 14208K, reserved 1048576K
}
Event: 69.147 GC heap before
{Heap before GC invocations=41 (full 0):
 garbage-first heap   total 165888K, used 142789K [0x0000000080000000, 0x0000000100000000)
  region size 1024K, 45 young (46080K), 2 survivors (2048K)
 Metaspace       used 101677K, committed 103680K, reserved 1179648K
  class space    used 13823K, committed 14848K, reserved 1048576K
}
Event: 69.150 GC heap after
{Heap after GC invocations=42 (full 0):
 garbage-first heap   total 165888K, used 98087K [0x0000000080000000, 0x0000000100000000)
  region size 1024K, 3 young (3072K), 3 survivors (3072K)
 Metaspace       used 101677K, committed 103680K, reserved 1179648K
  class space    used 13823K, committed 14848K, reserved 1048576K
}
Event: 70.004 GC heap before
{Heap before GC invocations=42 (full 0):
 garbage-first heap   total 165888K, used 152359K [0x0000000080000000, 0x0000000100000000)
  region size 1024K, 56 young (57344K), 3 survivors (3072K)
 Metaspace       used 105564K, committed 107648K, reserved 1179648K
  class space    used 14399K, committed 15424K, reserved 1048576K
}
Event: 70.011 GC heap after
{Heap after GC invocations=43 (full 0):
 garbage-first heap   total 165888K, used 98467K [0x0000000080000000, 0x0000000100000000)
  region size 1024K, 5 young (5120K), 5 survivors (5120K)
 Metaspace       used 105564K, committed 107648K, reserved 1179648K
  class space    used 14399K, committed 15424K, reserved 1048576K
}
Event: 71.379 GC heap before
{Heap before GC invocations=43 (full 0):
 garbage-first heap   total 165888K, used 150691K [0x0000000080000000, 0x0000000100000000)
  region size 1024K, 56 young (57344K), 5 survivors (5120K)
 Metaspace       used 109785K, committed 111872K, reserved 1179648K
  class space    used 15013K, committed 16064K, reserved 1048576K
}
Event: 71.387 GC heap after
{Heap after GC invocations=44 (full 0):
 garbage-first heap   total 165888K, used 101454K [0x0000000080000000, 0x0000000100000000)
  region size 1024K, 7 young (7168K), 7 survivors (7168K)
 Metaspace       used 109785K, committed 111872K, reserved 1179648K
  class space    used 15013K, committed 16064K, reserved 1048576K
}
Event: 73.213 GC heap before
{Heap before GC invocations=45 (full 0):
 garbage-first heap   total 171008K, used 148558K [0x0000000080000000, 0x0000000100000000)
  region size 1024K, 53 young (54272K), 7 survivors (7168K)
 Metaspace       used 113711K, committed 115904K, reserved 1179648K
  class space    used 15583K, committed 16704K, reserved 1048576K
}
Event: 73.223 GC heap after
{Heap after GC invocations=46 (full 0):
 garbage-first heap   total 171008K, used 104468K [0x0000000080000000, 0x0000000100000000)
  region size 1024K, 6 young (6144K), 6 survivors (6144K)
 Metaspace       used 113711K, committed 115904K, reserved 1179648K
  class space    used 15583K, committed 16704K, reserved 1048576K
}
Event: 75.714 GC heap before
{Heap before GC invocations=46 (full 0):
 garbage-first heap   total 171008K, used 153620K [0x0000000080000000, 0x0000000100000000)
  region size 1024K, 55 young (56320K), 6 survivors (6144K)
 Metaspace       used 116949K, committed 119104K, reserved 1179648K
  class space    used 16061K, committed 17152K, reserved 1048576K
}
Event: 75.734 GC heap after
{Heap after GC invocations=47 (full 0):
 garbage-first heap   total 171008K, used 109011K [0x0000000080000000, 0x0000000100000000)
  region size 1024K, 7 young (7168K), 7 survivors (7168K)
 Metaspace       used 116949K, committed 119104K, reserved 1179648K
  class space    used 16061K, committed 17152K, reserved 1048576K
}
Event: 77.264 GC heap before
{Heap before GC invocations=47 (full 0):
 garbage-first heap   total 171008K, used 154067K [0x0000000080000000, 0x0000000100000000)
  region size 1024K, 51 young (52224K), 7 survivors (7168K)
 Metaspace       used 117096K, committed 119232K, reserved 1179648K
  class space    used 16067K, committed 17152K, reserved 1048576K
}
Event: 77.316 GC heap after
{Heap after GC invocations=48 (full 0):
 garbage-first heap   total 171008K, used 114984K [0x0000000080000000, 0x0000000100000000)
  region size 1024K, 5 young (5120K), 5 survivors (5120K)
 Metaspace       used 117096K, committed 119232K, reserved 1179648K
  class space    used 16067K, committed 17152K, reserved 1048576K
}
Event: 79.408 GC heap before
{Heap before GC invocations=49 (full 0):
 garbage-first heap   total 193536K, used 153896K [0x0000000080000000, 0x0000000100000000)
  region size 1024K, 44 young (45056K), 5 survivors (5120K)
 Metaspace       used 117611K, committed 119808K, reserved 1179648K
  class space    used 16166K, committed 17280K, reserved 1048576K
}
Event: 79.500 GC heap after
{Heap after GC invocations=50 (full 0):
 garbage-first heap   total 193536K, used 117340K [0x0000000080000000, 0x0000000100000000)
  region size 1024K, 5 young (5120K), 5 survivors (5120K)
 Metaspace       used 117611K, committed 119808K, reserved 1179648K
  class space    used 16166K, committed 17280K, reserved 1048576K
}

