# JRE version: OpenJDK Runtime Environment (21.0.6) (build 21.0.6+-13368085-b895.109)
# Java VM: OpenJDK 64-Bit Server VM (21.0.6+-13368085-b895.109, mixed mode, tiered, compressed oops, compressed class ptrs, g1 gc, windows-amd64)
GC Precious Log:
 CardTable entry size: 512
 Card Set container configuration: InlinePtr #cards 5 size 8 Array Of Cards #cards 12 size 40 Howl #buckets 4 coarsen threshold 1843 Howl Bitmap #cards 512 size 80 coarsen threshold 460 Card regions per heap region 1 cards per card region 2048
 CPUs: 12 total, 12 available
 Memory: 7501M
 Large Page Support: Disabled
 NUMA Support: Disabled
 Compressed Oops: Enabled (32-bit)
 Heap Region Size: 1M
 Heap Min Capacity: 8M
 Heap Initial Capacity: 118M
 Heap Max Capacity: 2G
 Pre-touch: Disabled
 Parallel Workers: 10
 Concurrent Workers: 3
 Concurrent Refinement Workers: 10
 Periodic GC: Disabled
Heap:
 garbage-first heap   total 270336K, used 227154K [0x0000000080000000, 0x0000000100000000)
  region size 1024K, 102 young (104448K), 9 survivors (9216K)
 Metaspace       used 118953K, committed 121152K, reserved 1179648K
  class space    used 16060K, committed 17152K, reserved 1048576K
GC Heap History (20 events):
Event: 15.093 GC heap before
{Heap before GC invocations=29 (full 0):
 garbage-first heap   total 124928K, used 105712K [0x0000000080000000, 0x0000000100000000)
  region size 1024K, 32 young (32768K), 2 survivors (2048K)
 Metaspace       used 77409K, committed 79168K, reserved 1179648K
  class space    used 10436K, committed 11328K, reserved 1048576K
}
Event: 15.098 GC heap after
{Heap after GC invocations=30 (full 0):
 garbage-first heap   total 124928K, used 80317K [0x0000000080000000, 0x0000000100000000)
  region size 1024K, 4 young (4096K), 4 survivors (4096K)
 Metaspace       used 77409K, committed 79168K, reserved 1179648K
  class space    used 10436K, committed 11328K, reserved 1048576K
}
Event: 15.666 GC heap before
{Heap before GC invocations=30 (full 0):
 garbage-first heap   total 124928K, used 106941K [0x0000000080000000, 0x0000000100000000)
  region size 1024K, 30 young (30720K), 4 survivors (4096K)
 Metaspace       used 79252K, committed 81024K, reserved 1179648K
  class space    used 10680K, committed 11584K, reserved 1048576K
}
Event: 15.672 GC heap after
{Heap after GC invocations=31 (full 0):
 garbage-first heap   total 124928K, used 80000K [0x0000000080000000, 0x0000000100000000)
  region size 1024K, 3 young (3072K), 3 survivors (3072K)
 Metaspace       used 79252K, committed 81024K, reserved 1179648K
  class space    used 10680K, committed 11584K, reserved 1048576K
}
Event: 16.258 GC heap before
{Heap before GC invocations=31 (full 0):
 garbage-first heap   total 124928K, used 106624K [0x0000000080000000, 0x0000000100000000)
  region size 1024K, 30 young (30720K), 3 survivors (3072K)
 Metaspace       used 81358K, committed 83200K, reserved 1179648K
  class space    used 10930K, committed 11840K, reserved 1048576K
}
Event: 16.264 GC heap after
{Heap after GC invocations=32 (full 0):
 garbage-first heap   total 274432K, used 81560K [0x0000000080000000, 0x0000000100000000)
  region size 1024K, 4 young (4096K), 4 survivors (4096K)
 Metaspace       used 81358K, committed 83200K, reserved 1179648K
  class space    used 10930K, committed 11840K, reserved 1048576K
}
Event: 19.320 GC heap before
{Heap before GC invocations=33 (full 0):
 garbage-first heap   total 270336K, used 201368K [0x0000000080000000, 0x0000000100000000)
  region size 1024K, 120 young (122880K), 4 survivors (4096K)
 Metaspace       used 89484K, committed 91328K, reserved 1179648K
  class space    used 12027K, committed 12928K, reserved 1048576K
}
Event: 19.331 GC heap after
{Heap after GC invocations=34 (full 0):
 garbage-first heap   total 270336K, used 90927K [0x0000000080000000, 0x0000000100000000)
  region size 1024K, 11 young (11264K), 11 survivors (11264K)
 Metaspace       used 89484K, committed 91328K, reserved 1179648K
  class space    used 12027K, committed 12928K, reserved 1048576K
}
Event: 21.862 GC heap before
{Heap before GC invocations=34 (full 0):
 garbage-first heap   total 270336K, used 232239K [0x0000000080000000, 0x0000000100000000)
  region size 1024K, 148 young (151552K), 11 survivors (11264K)
 Metaspace       used 100168K, committed 102208K, reserved 1179648K
  class space    used 13686K, committed 14720K, reserved 1048576K
}
Event: 21.875 GC heap after
{Heap after GC invocations=35 (full 0):
 garbage-first heap   total 270336K, used 96173K [0x0000000080000000, 0x0000000100000000)
  region size 1024K, 15 young (15360K), 15 survivors (15360K)
 Metaspace       used 100168K, committed 102208K, reserved 1179648K
  class space    used 13686K, committed 14720K, reserved 1048576K
}
Event: 24.193 GC heap before
{Heap before GC invocations=35 (full 0):
 garbage-first heap   total 270336K, used 234413K [0x0000000080000000, 0x0000000100000000)
  region size 1024K, 150 young (153600K), 15 survivors (15360K)
 Metaspace       used 111377K, committed 113536K, reserved 1179648K
  class space    used 15290K, committed 16384K, reserved 1048576K
}
Event: 24.226 GC heap after
{Heap after GC invocations=36 (full 0):
 garbage-first heap   total 270336K, used 105370K [0x0000000080000000, 0x0000000100000000)
  region size 1024K, 15 young (15360K), 15 survivors (15360K)
 Metaspace       used 111377K, committed 113536K, reserved 1179648K
  class space    used 15290K, committed 16384K, reserved 1048576K
}
Event: 26.112 GC heap before
{Heap before GC invocations=37 (full 0):
 garbage-first heap   total 270336K, used 238490K [0x0000000080000000, 0x0000000100000000)
  region size 1024K, 146 young (149504K), 15 survivors (15360K)
 Metaspace       used 112388K, committed 114624K, reserved 1179648K
  class space    used 15427K, committed 16576K, reserved 1048576K
}
Event: 26.131 GC heap after
{Heap after GC invocations=38 (full 0):
 garbage-first heap   total 270336K, used 115446K [0x0000000080000000, 0x0000000100000000)
  region size 1024K, 19 young (19456K), 19 survivors (19456K)
 Metaspace       used 112388K, committed 114624K, reserved 1179648K
  class space    used 15427K, committed 16576K, reserved 1048576K
}
Event: 27.094 GC heap before
{Heap before GC invocations=38 (full 0):
 garbage-first heap   total 270336K, used 235254K [0x0000000080000000, 0x0000000100000000)
  region size 1024K, 137 young (140288K), 19 survivors (19456K)
 Metaspace       used 112755K, committed 114944K, reserved 1179648K
  class space    used 15474K, committed 16576K, reserved 1048576K
}
Event: 27.119 GC heap after
{Heap after GC invocations=39 (full 0):
 garbage-first heap   total 270336K, used 118632K [0x0000000080000000, 0x0000000100000000)
  region size 1024K, 8 young (8192K), 8 survivors (8192K)
 Metaspace       used 112755K, committed 114944K, reserved 1179648K
  class space    used 15474K, committed 16576K, reserved 1048576K
}
Event: 69.018 GC heap before
{Heap before GC invocations=39 (full 0):
 garbage-first heap   total 270336K, used 242536K [0x0000000080000000, 0x0000000100000000)
  region size 1024K, 130 young (133120K), 8 survivors (8192K)
 Metaspace       used 114158K, committed 116352K, reserved 1179648K
  class space    used 15628K, committed 16704K, reserved 1048576K
}
Event: 69.137 GC heap after
{Heap after GC invocations=40 (full 0):
 garbage-first heap   total 270336K, used 129024K [0x0000000080000000, 0x0000000100000000)
  region size 1024K, 17 young (17408K), 17 survivors (17408K)
 Metaspace       used 114158K, committed 116352K, reserved 1179648K
  class space    used 15628K, committed 16704K, reserved 1048576K
}
Event: 117.562 GC heap before
{Heap before GC invocations=41 (full 0):
 garbage-first heap   total 270336K, used 238592K [0x0000000080000000, 0x0000000100000000)
  region size 1024K, 124 young (126976K), 17 survivors (17408K)
 Metaspace       used 114613K, committed 116864K, reserved 1179648K
  class space    used 15634K, committed 16768K, reserved 1048576K
}
Event: 117.695 GC heap after
{Heap after GC invocations=42 (full 0):
 garbage-first heap   total 270336K, used 128850K [0x0000000080000000, 0x0000000100000000)
  region size 1024K, 9 young (9216K), 9 survivors (9216K)
 Metaspace       used 114613K, committed 116864K, reserved 1179648K
  class space    used 15634K, committed 16768K, reserved 1048576K
}

