# JRE version: OpenJDK Runtime Environment (21.0.6) (build 21.0.6+-13368085-b895.109)
# Java VM: OpenJDK 64-Bit Server VM (21.0.6+-13368085-b895.109, mixed mode, tiered, compressed oops, compressed class ptrs, g1 gc, windows-amd64)
GC Precious Log:
 CardTable entry size: 512
 Card Set container configuration: InlinePtr #cards 5 size 8 Array Of Cards #cards 12 size 40 Howl #buckets 4 coarsen threshold 1843 Howl Bitmap #cards 512 size 80 coarsen threshold 460 Card regions per heap region 1 cards per card region 2048
 CPUs: 12 total, 12 available
 Memory: 7501M
 Large Page Support: Disabled
 NUMA Support: Disabled
 Compressed Oops: Enabled (32-bit)
 Heap Region Size: 1M
 Heap Min Capacity: 8M
 Heap Initial Capacity: 118M
 Heap Max Capacity: 2G
 Pre-touch: Disabled
 Parallel Workers: 10
 Concurrent Workers: 3
 Concurrent Refinement Workers: 10
 Periodic GC: Disabled
Heap:
 garbage-first heap   total 163840K, used 129386K [0x0000000080000000, 0x0000000100000000)
  region size 1024K, 25 young (25600K), 7 survivors (7168K)
 Metaspace       used 117120K, committed 119232K, reserved 1179648K
  class space    used 16066K, committed 17152K, reserved 1048576K
GC Heap History (20 events):
Event: 18.585 GC heap before
{Heap before GC invocations=25 (full 0):
 garbage-first heap   total 144384K, used 117111K [0x0000000080000000, 0x0000000100000000)
  region size 1024K, 39 young (39936K), 3 survivors (3072K)
 Metaspace       used 88049K, committed 89920K, reserved 1179648K
  class space    used 11835K, committed 12800K, reserved 1048576K
}
Event: 18.590 GC heap after
{Heap after GC invocations=26 (full 0):
 garbage-first heap   total 144384K, used 82327K [0x0000000080000000, 0x0000000100000000)
  region size 1024K, 4 young (4096K), 4 survivors (4096K)
 Metaspace       used 88049K, committed 89920K, reserved 1179648K
  class space    used 11835K, committed 12800K, reserved 1048576K
}
Event: 19.378 GC heap before
{Heap before GC invocations=27 (full 0):
 garbage-first heap   total 144384K, used 134551K [0x0000000080000000, 0x0000000100000000)
  region size 1024K, 52 young (53248K), 4 survivors (4096K)
 Metaspace       used 89429K, committed 91328K, reserved 1179648K
  class space    used 12047K, committed 12992K, reserved 1048576K
}
Event: 19.386 GC heap after
{Heap after GC invocations=28 (full 0):
 garbage-first heap   total 144384K, used 89942K [0x0000000080000000, 0x0000000100000000)
  region size 1024K, 7 young (7168K), 7 survivors (7168K)
 Metaspace       used 89429K, committed 91328K, reserved 1179648K
  class space    used 12047K, committed 12992K, reserved 1048576K
}
Event: 20.101 GC heap before
{Heap before GC invocations=28 (full 0):
 garbage-first heap   total 144384K, used 128854K [0x0000000080000000, 0x0000000100000000)
  region size 1024K, 45 young (46080K), 7 survivors (7168K)
 Metaspace       used 92356K, committed 94272K, reserved 1179648K
  class space    used 12442K, committed 13376K, reserved 1048576K
}
Event: 20.109 GC heap after
{Heap after GC invocations=29 (full 0):
 garbage-first heap   total 144384K, used 92713K [0x0000000080000000, 0x0000000100000000)
  region size 1024K, 3 young (3072K), 3 survivors (3072K)
 Metaspace       used 92356K, committed 94272K, reserved 1179648K
  class space    used 12442K, committed 13376K, reserved 1048576K
}
Event: 20.882 GC heap before
{Heap before GC invocations=29 (full 0):
 garbage-first heap   total 144384K, used 131625K [0x0000000080000000, 0x0000000100000000)
  region size 1024K, 41 young (41984K), 3 survivors (3072K)
 Metaspace       used 95523K, committed 97536K, reserved 1179648K
  class space    used 13001K, committed 14016K, reserved 1048576K
}
Event: 20.887 GC heap after
{Heap after GC invocations=30 (full 0):
 garbage-first heap   total 144384K, used 92299K [0x0000000080000000, 0x0000000100000000)
  region size 1024K, 4 young (4096K), 4 survivors (4096K)
 Metaspace       used 95523K, committed 97536K, reserved 1179648K
  class space    used 13001K, committed 14016K, reserved 1048576K
}
Event: 21.601 GC heap before
{Heap before GC invocations=31 (full 0):
 garbage-first heap   total 157696K, used 129163K [0x0000000080000000, 0x0000000100000000)
  region size 1024K, 40 young (40960K), 4 survivors (4096K)
 Metaspace       used 98147K, committed 100160K, reserved 1179648K
  class space    used 13437K, committed 14464K, reserved 1048576K
}
Event: 21.609 GC heap after
{Heap after GC invocations=32 (full 0):
 garbage-first heap   total 157696K, used 94081K [0x0000000080000000, 0x0000000100000000)
  region size 1024K, 3 young (3072K), 3 survivors (3072K)
 Metaspace       used 98147K, committed 100160K, reserved 1179648K
  class space    used 13437K, committed 14464K, reserved 1048576K
}
Event: 22.590 GC heap before
{Heap before GC invocations=32 (full 0):
 garbage-first heap   total 157696K, used 144257K [0x0000000080000000, 0x0000000100000000)
  region size 1024K, 52 young (53248K), 3 survivors (3072K)
 Metaspace       used 101916K, committed 104064K, reserved 1179648K
  class space    used 13974K, committed 15040K, reserved 1048576K
}
Event: 22.598 GC heap after
{Heap after GC invocations=33 (full 0):
 garbage-first heap   total 157696K, used 95736K [0x0000000080000000, 0x0000000100000000)
  region size 1024K, 6 young (6144K), 6 survivors (6144K)
 Metaspace       used 101916K, committed 104064K, reserved 1179648K
  class space    used 13974K, committed 15040K, reserved 1048576K
}
Event: 23.501 GC heap before
{Heap before GC invocations=33 (full 0):
 garbage-first heap   total 157696K, used 140792K [0x0000000080000000, 0x0000000100000000)
  region size 1024K, 50 young (51200K), 6 survivors (6144K)
 Metaspace       used 105441K, committed 107584K, reserved 1179648K
  class space    used 14523K, committed 15616K, reserved 1048576K
}
Event: 23.509 GC heap after
{Heap after GC invocations=34 (full 0):
 garbage-first heap   total 157696K, used 97870K [0x0000000080000000, 0x0000000100000000)
  region size 1024K, 5 young (5120K), 5 survivors (5120K)
 Metaspace       used 105441K, committed 107584K, reserved 1179648K
  class space    used 14523K, committed 15616K, reserved 1048576K
}
Event: 24.401 GC heap before
{Heap before GC invocations=35 (full 0):
 garbage-first heap   total 163840K, used 143950K [0x0000000080000000, 0x0000000100000000)
  region size 1024K, 50 young (51200K), 5 survivors (5120K)
 Metaspace       used 108929K, committed 111104K, reserved 1179648K
  class space    used 14974K, committed 16064K, reserved 1048576K
}
Event: 24.409 GC heap after
{Heap after GC invocations=36 (full 0):
 garbage-first heap   total 163840K, used 101693K [0x0000000080000000, 0x0000000100000000)
  region size 1024K, 6 young (6144K), 6 survivors (6144K)
 Metaspace       used 108929K, committed 111104K, reserved 1179648K
  class space    used 14974K, committed 16064K, reserved 1048576K
}
Event: 31.366 GC heap before
{Heap before GC invocations=36 (full 0):
 garbage-first heap   total 163840K, used 147773K [0x0000000080000000, 0x0000000100000000)
  region size 1024K, 52 young (53248K), 6 survivors (6144K)
 Metaspace       used 116753K, committed 118912K, reserved 1179648K
  class space    used 16049K, committed 17152K, reserved 1048576K
}
Event: 31.384 GC heap after
{Heap after GC invocations=37 (full 0):
 garbage-first heap   total 163840K, used 105257K [0x0000000080000000, 0x0000000100000000)
  region size 1024K, 7 young (7168K), 7 survivors (7168K)
 Metaspace       used 116753K, committed 118912K, reserved 1179648K
  class space    used 16049K, committed 17152K, reserved 1048576K
}
Event: 32.238 GC heap before
{Heap before GC invocations=37 (full 0):
 garbage-first heap   total 163840K, used 148265K [0x0000000080000000, 0x0000000100000000)
  region size 1024K, 49 young (50176K), 7 survivors (7168K)
 Metaspace       used 117115K, committed 119232K, reserved 1179648K
  class space    used 16065K, committed 17152K, reserved 1048576K
}
Event: 32.252 GC heap after
{Heap after GC invocations=38 (full 0):
 garbage-first heap   total 163840K, used 113002K [0x0000000080000000, 0x0000000100000000)
  region size 1024K, 7 young (7168K), 7 survivors (7168K)
 Metaspace       used 117115K, committed 119232K, reserved 1179648K
  class space    used 16065K, committed 17152K, reserved 1048576K
}

