# JRE version: OpenJDK Runtime Environment (21.0.6) (build 21.0.6+-13368085-b895.109)
# Java VM: OpenJDK 64-Bit Server VM (21.0.6+-13368085-b895.109, mixed mode, tiered, compressed oops, compressed class ptrs, g1 gc, windows-amd64)
GC Precious Log:
 CardTable entry size: 512
 Card Set container configuration: InlinePtr #cards 5 size 8 Array Of Cards #cards 12 size 40 Howl #buckets 4 coarsen threshold 1843 Howl Bitmap #cards 512 size 80 coarsen threshold 460 Card regions per heap region 1 cards per card region 2048
 CPUs: 12 total, 12 available
 Memory: 7501M
 Large Page Support: Disabled
 NUMA Support: Disabled
 Compressed Oops: Enabled (32-bit)
 Heap Region Size: 1M
 Heap Min Capacity: 8M
 Heap Initial Capacity: 118M
 Heap Max Capacity: 2G
 Pre-touch: Disabled
 Parallel Workers: 10
 Concurrent Workers: 3
 Concurrent Refinement Workers: 10
 Periodic GC: Disabled
Heap:
 garbage-first heap   total 143360K, used 88771K [0x0000000080000000, 0x0000000100000000)
  region size 1024K, 5 young (5120K), 5 survivors (5120K)
 Metaspace       used 73274K, committed 75136K, reserved 1114112K
  class space    used 9943K, committed 10880K, reserved 1048576K
GC Heap History (20 events):
Event: 10.169 GC heap after
{Heap after GC invocations=15 (full 0):
 garbage-first heap   total 102400K, used 53167K [0x0000000080000000, 0x0000000100000000)
  region size 1024K, 3 young (3072K), 3 survivors (3072K)
 Metaspace       used 54560K, committed 56000K, reserved 1114112K
  class space    used 7366K, committed 8064K, reserved 1048576K
}
Event: 10.581 GC heap before
{Heap before GC invocations=15 (full 0):
 garbage-first heap   total 102400K, used 69551K [0x0000000080000000, 0x0000000100000000)
  region size 1024K, 20 young (20480K), 3 survivors (3072K)
 Metaspace       used 56234K, committed 57792K, reserved 1114112K
  class space    used 7656K, committed 8448K, reserved 1048576K
}
Event: 10.585 GC heap after
{Heap after GC invocations=16 (full 0):
 garbage-first heap   total 102400K, used 54660K [0x0000000080000000, 0x0000000100000000)
  region size 1024K, 5 young (5120K), 5 survivors (5120K)
 Metaspace       used 56234K, committed 57792K, reserved 1114112K
  class space    used 7656K, committed 8448K, reserved 1048576K
}
Event: 11.163 GC heap before
{Heap before GC invocations=17 (full 0):
 garbage-first heap   total 102400K, used 99716K [0x0000000080000000, 0x0000000100000000)
  region size 1024K, 33 young (33792K), 5 survivors (5120K)
 Metaspace       used 58404K, committed 59968K, reserved 1114112K
  class space    used 7798K, committed 8576K, reserved 1048576K
}
Event: 11.175 GC heap after
{Heap after GC invocations=18 (full 0):
 garbage-first heap   total 110592K, used 74752K [0x0000000080000000, 0x0000000100000000)
  region size 1024K, 5 young (5120K), 5 survivors (5120K)
 Metaspace       used 58404K, committed 59968K, reserved 1114112K
  class space    used 7798K, committed 8576K, reserved 1048576K
}
Event: 11.313 GC heap before
{Heap before GC invocations=18 (full 0):
 garbage-first heap   total 110592K, used 99328K [0x0000000080000000, 0x0000000100000000)
  region size 1024K, 29 young (29696K), 5 survivors (5120K)
 Metaspace       used 58940K, committed 60544K, reserved 1114112K
  class space    used 7889K, committed 8704K, reserved 1048576K
}
Event: 11.319 GC heap after
{Heap after GC invocations=19 (full 0):
 garbage-first heap   total 133120K, used 75642K [0x0000000080000000, 0x0000000100000000)
  region size 1024K, 1 young (1024K), 1 survivors (1024K)
 Metaspace       used 58940K, committed 60544K, reserved 1114112K
  class space    used 7889K, committed 8704K, reserved 1048576K
}
Event: 12.098 GC heap before
{Heap before GC invocations=19 (full 0):
 garbage-first heap   total 133120K, used 115578K [0x0000000080000000, 0x0000000100000000)
  region size 1024K, 40 young (40960K), 1 survivors (1024K)
 Metaspace       used 63684K, committed 65344K, reserved 1114112K
  class space    used 8544K, committed 9344K, reserved 1048576K
}
Event: 12.102 GC heap after
{Heap after GC invocations=20 (full 0):
 garbage-first heap   total 133120K, used 77565K [0x0000000080000000, 0x0000000100000000)
  region size 1024K, 3 young (3072K), 3 survivors (3072K)
 Metaspace       used 63684K, committed 65344K, reserved 1114112K
  class space    used 8544K, committed 9344K, reserved 1048576K
}
Event: 12.920 GC heap before
{Heap before GC invocations=21 (full 0):
 garbage-first heap   total 133120K, used 117501K [0x0000000080000000, 0x0000000100000000)
  region size 1024K, 42 young (43008K), 3 survivors (3072K)
 Metaspace       used 68642K, committed 70400K, reserved 1114112K
  class space    used 9328K, committed 10176K, reserved 1048576K
}
Event: 12.926 GC heap after
{Heap after GC invocations=22 (full 0):
 garbage-first heap   total 133120K, used 80241K [0x0000000080000000, 0x0000000100000000)
  region size 1024K, 6 young (6144K), 6 survivors (6144K)
 Metaspace       used 68642K, committed 70400K, reserved 1114112K
  class space    used 9328K, committed 10176K, reserved 1048576K
}
Event: 13.773 GC heap before
{Heap before GC invocations=22 (full 0):
 garbage-first heap   total 133120K, used 118129K [0x0000000080000000, 0x0000000100000000)
  region size 1024K, 43 young (44032K), 6 survivors (6144K)
 Metaspace       used 72297K, committed 74112K, reserved 1114112K
  class space    used 9905K, committed 10816K, reserved 1048576K
}
Event: 13.782 GC heap after
{Heap after GC invocations=23 (full 0):
 garbage-first heap   total 133120K, used 82031K [0x0000000080000000, 0x0000000100000000)
  region size 1024K, 6 young (6144K), 6 survivors (6144K)
 Metaspace       used 72297K, committed 74112K, reserved 1114112K
  class space    used 9905K, committed 10816K, reserved 1048576K
}
Event: 14.325 GC heap before
{Heap before GC invocations=23 (full 0):
 garbage-first heap   total 133120K, used 117871K [0x0000000080000000, 0x0000000100000000)
  region size 1024K, 42 young (43008K), 6 survivors (6144K)
 Metaspace       used 72903K, committed 74752K, reserved 1114112K
  class space    used 9936K, committed 10880K, reserved 1048576K
}
Event: 14.332 GC heap after
{Heap after GC invocations=24 (full 0):
 garbage-first heap   total 133120K, used 85815K [0x0000000080000000, 0x0000000100000000)
  region size 1024K, 6 young (6144K), 6 survivors (6144K)
 Metaspace       used 72903K, committed 74752K, reserved 1114112K
  class space    used 9936K, committed 10880K, reserved 1048576K
}
Event: 14.513 GC heap before
{Heap before GC invocations=25 (full 0):
 garbage-first heap   total 143360K, used 118583K [0x0000000080000000, 0x0000000100000000)
  region size 1024K, 39 young (39936K), 6 survivors (6144K)
 Metaspace       used 73069K, committed 74944K, reserved 1114112K
  class space    used 9936K, committed 10880K, reserved 1048576K
}
Event: 14.519 GC heap after
{Heap after GC invocations=26 (full 0):
 garbage-first heap   total 143360K, used 88034K [0x0000000080000000, 0x0000000100000000)
  region size 1024K, 4 young (4096K), 4 survivors (4096K)
 Metaspace       used 73069K, committed 74944K, reserved 1114112K
  class space    used 9936K, committed 10880K, reserved 1048576K
}
Event: 14.667 GC heap before
{Heap before GC invocations=26 (full 0):
 garbage-first heap   total 143360K, used 127970K [0x0000000080000000, 0x0000000100000000)
  region size 1024K, 44 young (45056K), 4 survivors (4096K)
 Metaspace       used 73228K, committed 75072K, reserved 1114112K
  class space    used 9936K, committed 10880K, reserved 1048576K
}
Event: 14.672 GC heap after
{Heap after GC invocations=27 (full 0):
 garbage-first heap   total 143360K, used 87966K [0x0000000080000000, 0x0000000100000000)
  region size 1024K, 5 young (5120K), 5 survivors (5120K)
 Metaspace       used 73228K, committed 75072K, reserved 1114112K
  class space    used 9936K, committed 10880K, reserved 1048576K
}
Event: 14.811 GC heap before
{Heap before GC invocations=27 (full 0):
 garbage-first heap   total 143360K, used 127902K [0x0000000080000000, 0x0000000100000000)
  region size 1024K, 45 young (46080K), 5 survivors (5120K)
 Metaspace       used 73274K, committed 75136K, reserved 1114112K
  class space    used 9943K, committed 10880K, reserved 1048576K
}

