# JRE version: OpenJDK Runtime Environment (21.0.6) (build 21.0.6+-13368085-b895.109)
# Java VM: OpenJDK 64-Bit Server VM (21.0.6+-13368085-b895.109, mixed mode, tiered, compressed oops, compressed class ptrs, g1 gc, windows-amd64)
GC Precious Log:
 CardTable entry size: 512
 Card Set container configuration: InlinePtr #cards 5 size 8 Array Of Cards #cards 12 size 40 Howl #buckets 4 coarsen threshold 1843 Howl Bitmap #cards 512 size 80 coarsen threshold 460 Card regions per heap region 1 cards per card region 2048
 CPUs: 12 total, 12 available
 Memory: 7501M
 Large Page Support: Disabled
 NUMA Support: Disabled
 Compressed Oops: Enabled (32-bit)
 Heap Region Size: 1M
 Heap Min Capacity: 8M
 Heap Initial Capacity: 118M
 Heap Max Capacity: 2G
 Pre-touch: Disabled
 Parallel Workers: 10
 Concurrent Workers: 3
 Concurrent Refinement Workers: 10
 Periodic GC: Disabled
Heap:
 garbage-first heap   total 162816K, used 100282K [0x0000000080000000, 0x0000000100000000)
  region size 1024K, 7 young (7168K), 5 survivors (5120K)
 Metaspace       used 107179K, committed 109376K, reserved 1179648K
  class space    used 14731K, committed 15808K, reserved 1048576K
GC Heap History (20 events):
Event: 15.551 GC heap before
{Heap before GC invocations=22 (full 0):
 garbage-first heap   total 131072K, used 116306K [0x0000000080000000, 0x0000000100000000)
  region size 1024K, 49 young (50176K), 5 survivors (5120K)
 Metaspace       used 76135K, committed 78016K, reserved 1179648K
  class space    used 10314K, committed 11264K, reserved 1048576K
}
Event: 15.557 GC heap after
{Heap after GC invocations=23 (full 0):
 garbage-first heap   total 131072K, used 72896K [0x0000000080000000, 0x0000000100000000)
  region size 1024K, 2 young (2048K), 2 survivors (2048K)
 Metaspace       used 76135K, committed 78016K, reserved 1179648K
  class space    used 10314K, committed 11264K, reserved 1048576K
}
Event: 16.434 GC heap before
{Heap before GC invocations=24 (full 0):
 garbage-first heap   total 131072K, used 123072K [0x0000000080000000, 0x0000000100000000)
  region size 1024K, 46 young (47104K), 2 survivors (2048K)
 Metaspace       used 79545K, committed 81408K, reserved 1179648K
  class space    used 10739K, committed 11648K, reserved 1048576K
}
Event: 16.440 GC heap after
{Heap after GC invocations=25 (full 0):
 garbage-first heap   total 131072K, used 78895K [0x0000000080000000, 0x0000000100000000)
  region size 1024K, 6 young (6144K), 6 survivors (6144K)
 Metaspace       used 79545K, committed 81408K, reserved 1179648K
  class space    used 10739K, committed 11648K, reserved 1048576K
}
Event: 17.287 GC heap before
{Heap before GC invocations=25 (full 0):
 garbage-first heap   total 131072K, used 116783K [0x0000000080000000, 0x0000000100000000)
  region size 1024K, 43 young (44032K), 6 survivors (6144K)
 Metaspace       used 82745K, committed 84672K, reserved 1179648K
  class space    used 11149K, committed 12096K, reserved 1048576K
}
Event: 17.294 GC heap after
{Heap after GC invocations=26 (full 0):
 garbage-first heap   total 131072K, used 80532K [0x0000000080000000, 0x0000000100000000)
  region size 1024K, 3 young (3072K), 3 survivors (3072K)
 Metaspace       used 82745K, committed 84672K, reserved 1179648K
  class space    used 11149K, committed 12096K, reserved 1048576K
}
Event: 18.259 GC heap before
{Heap before GC invocations=26 (full 0):
 garbage-first heap   total 131072K, used 119444K [0x0000000080000000, 0x0000000100000000)
  region size 1024K, 41 young (41984K), 3 survivors (3072K)
 Metaspace       used 86731K, committed 88576K, reserved 1179648K
  class space    used 11662K, committed 12544K, reserved 1048576K
}
Event: 18.264 GC heap after
{Heap after GC invocations=27 (full 0):
 garbage-first heap   total 131072K, used 82486K [0x0000000080000000, 0x0000000100000000)
  region size 1024K, 4 young (4096K), 4 survivors (4096K)
 Metaspace       used 86731K, committed 88576K, reserved 1179648K
  class space    used 11662K, committed 12544K, reserved 1048576K
}
Event: 19.096 GC heap before
{Heap before GC invocations=28 (full 0):
 garbage-first heap   total 138240K, used 121398K [0x0000000080000000, 0x0000000100000000)
  region size 1024K, 39 young (39936K), 4 survivors (4096K)
 Metaspace       used 89128K, committed 91072K, reserved 1179648K
  class space    used 12018K, committed 12992K, reserved 1048576K
}
Event: 19.102 GC heap after
{Heap after GC invocations=29 (full 0):
 garbage-first heap   total 138240K, used 87203K [0x0000000080000000, 0x0000000100000000)
  region size 1024K, 4 young (4096K), 4 survivors (4096K)
 Metaspace       used 89128K, committed 91072K, reserved 1179648K
  class space    used 12018K, committed 12992K, reserved 1048576K
}
Event: 19.790 GC heap before
{Heap before GC invocations=29 (full 0):
 garbage-first heap   total 138240K, used 125091K [0x0000000080000000, 0x0000000100000000)
  region size 1024K, 41 young (41984K), 4 survivors (4096K)
 Metaspace       used 89955K, committed 91904K, reserved 1179648K
  class space    used 12111K, committed 13120K, reserved 1048576K
}
Event: 19.798 GC heap after
{Heap after GC invocations=30 (full 0):
 garbage-first heap   total 138240K, used 90611K [0x0000000080000000, 0x0000000100000000)
  region size 1024K, 6 young (6144K), 6 survivors (6144K)
 Metaspace       used 89955K, committed 91904K, reserved 1179648K
  class space    used 12111K, committed 13120K, reserved 1048576K
}
Event: 20.478 GC heap before
{Heap before GC invocations=30 (full 0):
 garbage-first heap   total 138240K, used 122355K [0x0000000080000000, 0x0000000100000000)
  region size 1024K, 38 young (38912K), 6 survivors (6144K)
 Metaspace       used 92466K, committed 94528K, reserved 1179648K
  class space    used 12460K, committed 13504K, reserved 1048576K
}
Event: 20.484 GC heap after
{Heap after GC invocations=31 (full 0):
 garbage-first heap   total 138240K, used 93086K [0x0000000080000000, 0x0000000100000000)
  region size 1024K, 3 young (3072K), 3 survivors (3072K)
 Metaspace       used 92466K, committed 94528K, reserved 1179648K
  class space    used 12460K, committed 13504K, reserved 1048576K
}
Event: 21.475 GC heap before
{Heap before GC invocations=32 (full 0):
 garbage-first heap   total 158720K, used 125854K [0x0000000080000000, 0x0000000100000000)
  region size 1024K, 34 young (34816K), 3 survivors (3072K)
 Metaspace       used 94953K, committed 96960K, reserved 1179648K
  class space    used 12885K, committed 13888K, reserved 1048576K
}
Event: 21.479 GC heap after
{Heap after GC invocations=33 (full 0):
 garbage-first heap   total 158720K, used 93257K [0x0000000080000000, 0x0000000100000000)
  region size 1024K, 3 young (3072K), 3 survivors (3072K)
 Metaspace       used 94953K, committed 96960K, reserved 1179648K
  class space    used 12885K, committed 13888K, reserved 1048576K
}
Event: 22.940 GC heap before
{Heap before GC invocations=33 (full 0):
 garbage-first heap   total 158720K, used 145481K [0x0000000080000000, 0x0000000100000000)
  region size 1024K, 54 young (55296K), 3 survivors (3072K)
 Metaspace       used 98901K, committed 101056K, reserved 1179648K
  class space    used 13522K, committed 14592K, reserved 1048576K
}
Event: 22.948 GC heap after
{Heap after GC invocations=34 (full 0):
 garbage-first heap   total 158720K, used 94288K [0x0000000080000000, 0x0000000100000000)
  region size 1024K, 5 young (5120K), 5 survivors (5120K)
 Metaspace       used 98901K, committed 101056K, reserved 1179648K
  class space    used 13522K, committed 14592K, reserved 1048576K
}
Event: 24.374 GC heap before
{Heap before GC invocations=34 (full 0):
 garbage-first heap   total 158720K, used 143440K [0x0000000080000000, 0x0000000100000000)
  region size 1024K, 53 young (54272K), 5 survivors (5120K)
 Metaspace       used 102616K, committed 104832K, reserved 1179648K
  class space    used 14063K, committed 15168K, reserved 1048576K
}
Event: 24.383 GC heap after
{Heap after GC invocations=35 (full 0):
 garbage-first heap   total 158720K, used 97209K [0x0000000080000000, 0x0000000100000000)
  region size 1024K, 6 young (6144K), 6 survivors (6144K)
 Metaspace       used 102616K, committed 104832K, reserved 1179648K
  class space    used 14063K, committed 15168K, reserved 1048576K
}

