# JRE version: OpenJDK Runtime Environment (21.0.6) (build 21.0.6+-13368085-b895.109)
# Java VM: OpenJDK 64-Bit Server VM (21.0.6+-13368085-b895.109, mixed mode, tiered, compressed oops, compressed class ptrs, g1 gc, windows-amd64)
GC Precious Log:
 CardTable entry size: 512
 Card Set container configuration: InlinePtr #cards 5 size 8 Array Of Cards #cards 12 size 40 Howl #buckets 4 coarsen threshold 1843 Howl Bitmap #cards 512 size 80 coarsen threshold 460 Card regions per heap region 1 cards per card region 2048
 CPUs: 12 total, 12 available
 Memory: 7501M
 Large Page Support: Disabled
 NUMA Support: Disabled
 Compressed Oops: Enabled (32-bit)
 Heap Region Size: 1M
 Heap Min Capacity: 8M
 Heap Initial Capacity: 118M
 Heap Max Capacity: 2G
 Pre-touch: Disabled
 Parallel Workers: 10
 Concurrent Workers: 3
 Concurrent Refinement Workers: 10
 Periodic GC: Disabled
Heap:
 garbage-first heap   total 224256K, used 165285K [0x0000000080000000, 0x0000000100000000)
  region size 1024K, 14 young (14336K), 6 survivors (6144K)
 Metaspace       used 110766K, committed 112960K, reserved 1179648K
  class space    used 15170K, committed 16320K, reserved 1048576K
GC Heap History (20 events):
Event: 16.312 GC heap before
{Heap before GC invocations=33 (full 0):
 garbage-first heap   total 180224K, used 125707K [0x0000000080000000, 0x0000000100000000)
  region size 1024K, 17 young (17408K), 2 survivors (2048K)
 Metaspace       used 82792K, committed 84736K, reserved 1179648K
  class space    used 11129K, committed 12096K, reserved 1048576K
}
Event: 16.317 GC heap after
{Heap after GC invocations=34 (full 0):
 garbage-first heap   total 180224K, used 113030K [0x0000000080000000, 0x0000000100000000)
  region size 1024K, 4 young (4096K), 4 survivors (4096K)
 Metaspace       used 82792K, committed 84736K, reserved 1179648K
  class space    used 11129K, committed 12096K, reserved 1048576K
}
Event: 17.137 GC heap before
{Heap before GC invocations=35 (full 0):
 garbage-first heap   total 196608K, used 168326K [0x0000000080000000, 0x0000000100000000)
  region size 1024K, 53 young (54272K), 4 survivors (4096K)
 Metaspace       used 85654K, committed 87680K, reserved 1179648K
  class space    used 11517K, committed 12544K, reserved 1048576K
}
Event: 17.145 GC heap after
{Heap after GC invocations=36 (full 0):
 garbage-first heap   total 196608K, used 117827K [0x0000000080000000, 0x0000000100000000)
  region size 1024K, 7 young (7168K), 7 survivors (7168K)
 Metaspace       used 85654K, committed 87680K, reserved 1179648K
  class space    used 11517K, committed 12544K, reserved 1048576K
}
Event: 18.261 GC heap before
{Heap before GC invocations=36 (full 0):
 garbage-first heap   total 196608K, used 173123K [0x0000000080000000, 0x0000000100000000)
  region size 1024K, 62 young (63488K), 7 survivors (7168K)
 Metaspace       used 91170K, committed 93248K, reserved 1179648K
  class space    used 12228K, committed 13312K, reserved 1048576K
}
Event: 18.270 GC heap after
{Heap after GC invocations=37 (full 0):
 garbage-first heap   total 196608K, used 120337K [0x0000000080000000, 0x0000000100000000)
  region size 1024K, 3 young (3072K), 3 survivors (3072K)
 Metaspace       used 91170K, committed 93248K, reserved 1179648K
  class space    used 12228K, committed 13312K, reserved 1048576K
}
Event: 18.819 GC heap before
{Heap before GC invocations=37 (full 0):
 garbage-first heap   total 196608K, used 152081K [0x0000000080000000, 0x0000000100000000)
  region size 1024K, 35 young (35840K), 3 survivors (3072K)
 Metaspace       used 93585K, committed 95680K, reserved 1179648K
  class space    used 12543K, committed 13632K, reserved 1048576K
}
Event: 18.829 GC heap after
{Heap after GC invocations=38 (full 0):
 garbage-first heap   total 196608K, used 121153K [0x0000000080000000, 0x0000000100000000)
  region size 1024K, 4 young (4096K), 4 survivors (4096K)
 Metaspace       used 93585K, committed 95680K, reserved 1179648K
  class space    used 12543K, committed 13632K, reserved 1048576K
}
Event: 19.928 GC heap before
{Heap before GC invocations=39 (full 0):
 garbage-first heap   total 208896K, used 182593K [0x0000000080000000, 0x0000000100000000)
  region size 1024K, 61 young (62464K), 4 survivors (4096K)
 Metaspace       used 95635K, committed 97664K, reserved 1179648K
  class space    used 12830K, committed 13888K, reserved 1048576K
}
Event: 19.938 GC heap after
{Heap after GC invocations=40 (full 0):
 garbage-first heap   total 208896K, used 129262K [0x0000000080000000, 0x0000000100000000)
  region size 1024K, 8 young (8192K), 8 survivors (8192K)
 Metaspace       used 95635K, committed 97664K, reserved 1179648K
  class space    used 12830K, committed 13888K, reserved 1048576K
}
Event: 21.019 GC heap before
{Heap before GC invocations=40 (full 0):
 garbage-first heap   total 208896K, used 189678K [0x0000000080000000, 0x0000000100000000)
  region size 1024K, 66 young (67584K), 8 survivors (8192K)
 Metaspace       used 100124K, committed 102272K, reserved 1179648K
  class space    used 13532K, committed 14656K, reserved 1048576K
}
Event: 21.030 GC heap after
{Heap after GC invocations=41 (full 0):
 garbage-first heap   total 208896K, used 131081K [0x0000000080000000, 0x0000000100000000)
  region size 1024K, 3 young (3072K), 3 survivors (3072K)
 Metaspace       used 100124K, committed 102272K, reserved 1179648K
  class space    used 13532K, committed 14656K, reserved 1048576K
}
Event: 22.129 GC heap before
{Heap before GC invocations=41 (full 0):
 garbage-first heap   total 208896K, used 191497K [0x0000000080000000, 0x0000000100000000)
  region size 1024K, 62 young (63488K), 3 survivors (3072K)
 Metaspace       used 104480K, committed 106688K, reserved 1179648K
  class space    used 14223K, committed 15360K, reserved 1048576K
}
Event: 22.135 GC heap after
{Heap after GC invocations=42 (full 0):
 garbage-first heap   total 208896K, used 133584K [0x0000000080000000, 0x0000000100000000)
  region size 1024K, 5 young (5120K), 5 survivors (5120K)
 Metaspace       used 104480K, committed 106688K, reserved 1179648K
  class space    used 14223K, committed 15360K, reserved 1048576K
}
Event: 23.330 GC heap before
{Heap before GC invocations=43 (full 0):
 garbage-first heap   total 224256K, used 206288K [0x0000000080000000, 0x0000000100000000)
  region size 1024K, 61 young (62464K), 5 survivors (5120K)
 Metaspace       used 110763K, committed 112960K, reserved 1179648K
  class space    used 15169K, committed 16320K, reserved 1048576K
}
Event: 23.339 GC heap after
{Heap after GC invocations=44 (full 0):
 garbage-first heap   total 224256K, used 155302K [0x0000000080000000, 0x0000000100000000)
  region size 1024K, 8 young (8192K), 8 survivors (8192K)
 Metaspace       used 110763K, committed 112960K, reserved 1179648K
  class space    used 15169K, committed 16320K, reserved 1048576K
}
Event: 24.060 GC heap before
{Heap before GC invocations=44 (full 0):
 garbage-first heap   total 224256K, used 202406K [0x0000000080000000, 0x0000000100000000)
  region size 1024K, 55 young (56320K), 8 survivors (8192K)
 Metaspace       used 110765K, committed 112960K, reserved 1179648K
  class space    used 15169K, committed 16320K, reserved 1048576K
}
Event: 24.069 GC heap after
{Heap after GC invocations=45 (full 0):
 garbage-first heap   total 224256K, used 156677K [0x0000000080000000, 0x0000000100000000)
  region size 1024K, 4 young (4096K), 4 survivors (4096K)
 Metaspace       used 110765K, committed 112960K, reserved 1179648K
  class space    used 15169K, committed 16320K, reserved 1048576K
}
Event: 24.649 GC heap before
{Heap before GC invocations=45 (full 0):
 garbage-first heap   total 224256K, used 206853K [0x0000000080000000, 0x0000000100000000)
  region size 1024K, 53 young (54272K), 4 survivors (4096K)
 Metaspace       used 110766K, committed 112960K, reserved 1179648K
  class space    used 15170K, committed 16320K, reserved 1048576K
}
Event: 24.654 GC heap after
{Heap after GC invocations=46 (full 0):
 garbage-first heap   total 224256K, used 158117K [0x0000000080000000, 0x0000000100000000)
  region size 1024K, 6 young (6144K), 6 survivors (6144K)
 Metaspace       used 110766K, committed 112960K, reserved 1179648K
  class space    used 15170K, committed 16320K, reserved 1048576K
}

