# JRE version: OpenJDK Runtime Environment (21.0.6) (build 21.0.6+-13368085-b895.109)
# Java VM: OpenJDK 64-Bit Server VM (21.0.6+-13368085-b895.109, mixed mode, tiered, compressed oops, compressed class ptrs, g1 gc, windows-amd64)
GC Precious Log:
 CardTable entry size: 512
 Card Set container configuration: InlinePtr #cards 5 size 8 Array Of Cards #cards 12 size 40 Howl #buckets 4 coarsen threshold 1843 Howl Bitmap #cards 512 size 80 coarsen threshold 460 Card regions per heap region 1 cards per card region 2048
 CPUs: 12 total, 12 available
 Memory: 7501M
 Large Page Support: Disabled
 NUMA Support: Disabled
 Compressed Oops: Enabled (32-bit)
 Heap Region Size: 1M
 Heap Min Capacity: 8M
 Heap Initial Capacity: 118M
 Heap Max Capacity: 2G
 Pre-touch: Disabled
 Parallel Workers: 10
 Concurrent Workers: 3
 Concurrent Refinement Workers: 10
 Periodic GC: Disabled
Heap:
 garbage-first heap   total 186368K, used 116220K [0x0000000080000000, 0x0000000100000000)
  region size 1024K, 5 young (5120K), 5 survivors (5120K)
 Metaspace       used 117682K, committed 119872K, reserved 1179648K
  class space    used 16154K, committed 17280K, reserved 1048576K
GC Heap History (20 events):
Event: 18.151 GC heap after
{Heap after GC invocations=34 (full 0):
 garbage-first heap   total 159744K, used 91833K [0x0000000080000000, 0x0000000100000000)
  region size 1024K, 5 young (5120K), 5 survivors (5120K)
 Metaspace       used 92002K, committed 93952K, reserved 1179648K
  class space    used 12388K, committed 13376K, reserved 1048576K
}
Event: 18.214 GC heap before
{Heap before GC invocations=34 (full 0):
 garbage-first heap   total 159744K, used 95929K [0x0000000080000000, 0x0000000100000000)
  region size 1024K, 10 young (10240K), 5 survivors (5120K)
 Metaspace       used 92311K, committed 94272K, reserved 1179648K
  class space    used 12424K, committed 13376K, reserved 1048576K
}
Event: 18.219 GC heap after
{Heap after GC invocations=35 (full 0):
 garbage-first heap   total 159744K, used 92252K [0x0000000080000000, 0x0000000100000000)
  region size 1024K, 1 young (1024K), 1 survivors (1024K)
 Metaspace       used 92311K, committed 94272K, reserved 1179648K
  class space    used 12424K, committed 13376K, reserved 1048576K
}
Event: 19.119 GC heap before
{Heap before GC invocations=36 (full 0):
 garbage-first heap   total 159744K, used 143452K [0x0000000080000000, 0x0000000100000000)
  region size 1024K, 50 young (51200K), 1 survivors (1024K)
 Metaspace       used 96345K, committed 98240K, reserved 1179648K
  class space    used 13137K, committed 14080K, reserved 1048576K
}
Event: 19.124 GC heap after
{Heap after GC invocations=37 (full 0):
 garbage-first heap   total 159744K, used 93220K [0x0000000080000000, 0x0000000100000000)
  region size 1024K, 2 young (2048K), 2 survivors (2048K)
 Metaspace       used 96345K, committed 98240K, reserved 1179648K
  class space    used 13137K, committed 14080K, reserved 1048576K
}
Event: 20.018 GC heap before
{Heap before GC invocations=37 (full 0):
 garbage-first heap   total 159744K, used 144420K [0x0000000080000000, 0x0000000100000000)
  region size 1024K, 52 young (53248K), 2 survivors (2048K)
 Metaspace       used 99964K, committed 102016K, reserved 1179648K
  class space    used 13678K, committed 14720K, reserved 1048576K
}
Event: 20.024 GC heap after
{Heap after GC invocations=38 (full 0):
 garbage-first heap   total 159744K, used 94389K [0x0000000080000000, 0x0000000100000000)
  region size 1024K, 4 young (4096K), 4 survivors (4096K)
 Metaspace       used 99964K, committed 102016K, reserved 1179648K
  class space    used 13678K, committed 14720K, reserved 1048576K
}
Event: 20.848 GC heap before
{Heap before GC invocations=38 (full 0):
 garbage-first heap   total 159744K, used 145589K [0x0000000080000000, 0x0000000100000000)
  region size 1024K, 54 young (55296K), 4 survivors (4096K)
 Metaspace       used 104246K, committed 106368K, reserved 1179648K
  class space    used 14282K, committed 15360K, reserved 1048576K
}
Event: 20.857 GC heap after
{Heap after GC invocations=39 (full 0):
 garbage-first heap   total 159744K, used 97189K [0x0000000080000000, 0x0000000100000000)
  region size 1024K, 5 young (5120K), 5 survivors (5120K)
 Metaspace       used 104246K, committed 106368K, reserved 1179648K
  class space    used 14282K, committed 15360K, reserved 1048576K
}
Event: 21.724 GC heap before
{Heap before GC invocations=40 (full 0):
 garbage-first heap   total 162816K, used 145317K [0x0000000080000000, 0x0000000100000000)
  region size 1024K, 52 young (53248K), 5 survivors (5120K)
 Metaspace       used 108009K, committed 110080K, reserved 1179648K
  class space    used 14833K, committed 15872K, reserved 1048576K
}
Event: 21.732 GC heap after
{Heap after GC invocations=41 (full 0):
 garbage-first heap   total 162816K, used 100455K [0x0000000080000000, 0x0000000100000000)
  region size 1024K, 6 young (6144K), 6 survivors (6144K)
 Metaspace       used 108009K, committed 110080K, reserved 1179648K
  class space    used 14833K, committed 15872K, reserved 1048576K
}
Event: 22.480 GC heap before
{Heap before GC invocations=41 (full 0):
 garbage-first heap   total 162816K, used 145511K [0x0000000080000000, 0x0000000100000000)
  region size 1024K, 51 young (52224K), 6 survivors (6144K)
 Metaspace       used 112945K, committed 115072K, reserved 1179648K
  class space    used 15521K, committed 16576K, reserved 1048576K
}
Event: 22.493 GC heap after
{Heap after GC invocations=42 (full 0):
 garbage-first heap   total 162816K, used 103424K [0x0000000080000000, 0x0000000100000000)
  region size 1024K, 7 young (7168K), 7 survivors (7168K)
 Metaspace       used 112945K, committed 115072K, reserved 1179648K
  class space    used 15521K, committed 16576K, reserved 1048576K
}
Event: 28.197 GC heap before
{Heap before GC invocations=42 (full 0):
 garbage-first heap   total 162816K, used 146432K [0x0000000080000000, 0x0000000100000000)
  region size 1024K, 49 young (50176K), 7 survivors (7168K)
 Metaspace       used 117042K, committed 119232K, reserved 1179648K
  class space    used 16047K, committed 17152K, reserved 1048576K
}
Event: 28.212 GC heap after
{Heap after GC invocations=43 (full 0):
 garbage-first heap   total 162816K, used 110876K [0x0000000080000000, 0x0000000100000000)
  region size 1024K, 7 young (7168K), 7 survivors (7168K)
 Metaspace       used 117042K, committed 119232K, reserved 1179648K
  class space    used 16047K, committed 17152K, reserved 1048576K
}
Event: 28.427 GC heap before
{Heap before GC invocations=44 (full 0):
 garbage-first heap   total 186368K, used 143644K [0x0000000080000000, 0x0000000100000000)
  region size 1024K, 40 young (40960K), 7 survivors (7168K)
 Metaspace       used 117055K, committed 119232K, reserved 1179648K
  class space    used 16047K, committed 17152K, reserved 1048576K
}
Event: 28.436 GC heap after
{Heap after GC invocations=45 (full 0):
 garbage-first heap   total 186368K, used 113444K [0x0000000080000000, 0x0000000100000000)
  region size 1024K, 4 young (4096K), 4 survivors (4096K)
 Metaspace       used 117055K, committed 119232K, reserved 1179648K
  class space    used 16047K, committed 17152K, reserved 1048576K
}
Event: 29.049 GC heap before
{Heap before GC invocations=45 (full 0):
 garbage-first heap   total 186368K, used 169764K [0x0000000080000000, 0x0000000100000000)
  region size 1024K, 60 young (61440K), 4 survivors (4096K)
 Metaspace       used 117564K, committed 119808K, reserved 1179648K
  class space    used 16144K, committed 17280K, reserved 1048576K
}
Event: 29.060 GC heap after
{Heap after GC invocations=46 (full 0):
 garbage-first heap   total 186368K, used 113855K [0x0000000080000000, 0x0000000100000000)
  region size 1024K, 6 young (6144K), 6 survivors (6144K)
 Metaspace       used 117564K, committed 119808K, reserved 1179648K
  class space    used 16144K, committed 17280K, reserved 1048576K
}
Event: 29.392 GC heap before
{Heap before GC invocations=46 (full 0):
 garbage-first heap   total 186368K, used 168127K [0x0000000080000000, 0x0000000100000000)
  region size 1024K, 60 young (61440K), 6 survivors (6144K)
 Metaspace       used 117682K, committed 119872K, reserved 1179648K
  class space    used 16154K, committed 17280K, reserved 1048576K
}

